[2023-12-22 11:55:19,156][rest_client.py 46][INFO]: 接口请求的地址为>>>http://admin.5istudy.online/shopcarts/
[2023-12-22 11:55:19,157][rest_client.py 47][INFO]: 接口请求的方法>>>POST
[2023-12-22 11:55:19,157][rest_client.py 51][INFO]: 接口请求的json参数>>>
{
  "goods": 6,
  "nums": 1
}
[2023-12-22 11:55:19,227][response_util.py 13][INFO]: 接口状态码不是2开头，请检查
[2023-12-22 11:55:19,227][response_util.py 14][INFO]: 接口返回的内容是>>>: {"detail": "身份认证信息未提供。"}
[2023-12-22 12:18:52,796][rest_client.py 46][INFO]: 接口请求的地址为>>>http://admin.5istudy.online/login/
[2023-12-22 12:18:52,796][rest_client.py 47][INFO]: 接口请求的方法>>>POST
[2023-12-22 12:18:52,796][rest_client.py 51][INFO]: 接口请求的json参数>>>
{
  "username": 17325220664,
  "password": 123123
}
[2023-12-22 12:18:52,969][response_util.py 14][INFO]: 接口返回的内容是>>>: {"token": "eyJ0eXAiOiJKV1QiLCJhbGciOiJIUzI1NiJ9.eyJ1c2VyX2lkIjoyMzExODksInVzZXJuYW1lIjoiMTczMjUyMjA2NjQiLCJleHAiOjE3MDM4MjM1MzIsImVtYWlsIjpudWxsfQ.3GmCtn5DzzTqAcBn2hhaP0xN49L72sVL2BBZXipoJyA"}
[2023-12-22 12:18:52,974][rest_client.py 46][INFO]: 接口请求的地址为>>>http://admin.5istudy.online/shopcarts/
[2023-12-22 12:18:52,974][rest_client.py 47][INFO]: 接口请求的方法>>>POST
[2023-12-22 12:18:52,974][rest_client.py 51][INFO]: 接口请求的json参数>>>
{
  "goods": 6,
  "nums": 1
}
[2023-12-22 12:18:52,974][rest_client.py 55][INFO]: 接口请求的headers参数>>>
{
  "Authorization": "JWT eyJ0eXAiOiJKV1QiLCJhbGciOiJIUzI1NiJ9.eyJ1c2VyX2lkIjoyMzExODksInVzZXJuYW1lIjoiMTczMjUyMjA2NjQiLCJleHAiOjE3MDM4MjM1MzIsImVtYWlsIjpudWxsfQ.3GmCtn5DzzTqAcBn2hhaP0xN49L72sVL2BBZXipoJyA"
}
[2023-12-22 12:18:53,022][response_util.py 14][INFO]: 接口返回的内容是>>>: {"nums": 1, "goods": 6}
[2023-12-22 12:19:54,940][rest_client.py 46][INFO]: 接口请求的地址为>>>http://admin.5istudy.online/login/
[2023-12-22 12:19:54,940][rest_client.py 47][INFO]: 接口请求的方法>>>POST
[2023-12-22 12:19:54,940][rest_client.py 51][INFO]: 接口请求的json参数>>>
{
  "username": 17325220664,
  "password": 123123
}
[2023-12-22 12:19:55,255][response_util.py 14][INFO]: 接口返回的内容是>>>: {"token": "eyJ0eXAiOiJKV1QiLCJhbGciOiJIUzI1NiJ9.eyJ1c2VyX2lkIjoyMzExODksInVzZXJuYW1lIjoiMTczMjUyMjA2NjQiLCJleHAiOjE3MDM4MjM1OTQsImVtYWlsIjpudWxsfQ.CPHlt53CFlPzeGhu5IkWVxGjbGjePyz25MGKU5ZgjYk"}
[2023-12-22 12:19:55,259][rest_client.py 46][INFO]: 接口请求的地址为>>>http://admin.5istudy.online/shopcarts/
[2023-12-22 12:19:55,259][rest_client.py 47][INFO]: 接口请求的方法>>>POST
[2023-12-22 12:19:55,259][rest_client.py 51][INFO]: 接口请求的json参数>>>
{
  "goods": 6,
  "nums": 1
}
[2023-12-22 12:19:55,259][rest_client.py 55][INFO]: 接口请求的headers参数>>>
{
  "Authorization": "JWT eyJ0eXAiOiJKV1QiLCJhbGciOiJIUzI1NiJ9.eyJ1c2VyX2lkIjoyMzExODksInVzZXJuYW1lIjoiMTczMjUyMjA2NjQiLCJleHAiOjE3MDM4MjM1OTQsImVtYWlsIjpudWxsfQ.CPHlt53CFlPzeGhu5IkWVxGjbGjePyz25MGKU5ZgjYk"
}
[2023-12-22 12:19:55,303][response_util.py 14][INFO]: 接口返回的内容是>>>: {"nums": 1, "goods": 6}
[2023-12-22 12:20:06,876][rest_client.py 46][INFO]: 接口请求的地址为>>>http://admin.5istudy.online/login/
[2023-12-22 12:20:06,876][rest_client.py 47][INFO]: 接口请求的方法>>>POST
[2023-12-22 12:20:06,876][rest_client.py 51][INFO]: 接口请求的json参数>>>
{
  "username": 17325220664,
  "password": 123123
}
[2023-12-22 12:20:07,025][response_util.py 14][INFO]: 接口返回的内容是>>>: {"token": "eyJ0eXAiOiJKV1QiLCJhbGciOiJIUzI1NiJ9.eyJ1c2VyX2lkIjoyMzExODksInVzZXJuYW1lIjoiMTczMjUyMjA2NjQiLCJleHAiOjE3MDM4MjM2MDYsImVtYWlsIjpudWxsfQ.ldGkeI_4X-57cT19mvck3FmrwgReh8cK4XHBFzf9xPc"}
[2023-12-22 12:20:07,032][rest_client.py 46][INFO]: 接口请求的地址为>>>http://admin.5istudy.online/shopcarts/
[2023-12-22 12:20:07,032][rest_client.py 47][INFO]: 接口请求的方法>>>POST
[2023-12-22 12:20:07,032][rest_client.py 51][INFO]: 接口请求的json参数>>>
{
  "goods": 6,
  "nums": 1
}
[2023-12-22 12:20:07,032][rest_client.py 55][INFO]: 接口请求的headers参数>>>
{
  "Authorization": "JWT eyJ0eXAiOiJKV1QiLCJhbGciOiJIUzI1NiJ9.eyJ1c2VyX2lkIjoyMzExODksInVzZXJuYW1lIjoiMTczMjUyMjA2NjQiLCJleHAiOjE3MDM4MjM2MDYsImVtYWlsIjpudWxsfQ.ldGkeI_4X-57cT19mvck3FmrwgReh8cK4XHBFzf9xPc"
}
[2023-12-22 12:20:07,075][response_util.py 14][INFO]: 接口返回的内容是>>>: {"nums": 2, "goods": 6}
[2023-12-22 12:32:48,570][rest_client.py 46][INFO]: 接口请求的地址为>>>http://admin.5istudy.online/login/
[2023-12-22 12:32:48,570][rest_client.py 47][INFO]: 接口请求的方法>>>POST
[2023-12-22 12:32:48,570][rest_client.py 51][INFO]: 接口请求的json参数>>>
{
  "username": 17325220664,
  "password": 123123
}
[2023-12-22 12:32:48,828][response_util.py 14][INFO]: 接口返回的内容是>>>: {"token": "eyJ0eXAiOiJKV1QiLCJhbGciOiJIUzI1NiJ9.eyJ1c2VyX2lkIjoyMzExODksInVzZXJuYW1lIjoiMTczMjUyMjA2NjQiLCJleHAiOjE3MDM4MjQzNjgsImVtYWlsIjpudWxsfQ.uBAWFZOjmyvl7tQsbXH27joJKfpUsps5lOqei4ZoFO8"}
[2023-12-22 12:32:48,835][rest_client.py 46][INFO]: 接口请求的地址为>>>http://admin.5istudy.online/shopcarts/
[2023-12-22 12:32:48,836][rest_client.py 47][INFO]: 接口请求的方法>>>POST
[2023-12-22 12:32:48,836][rest_client.py 51][INFO]: 接口请求的json参数>>>
{
  "goods": 6,
  "nums": 1
}
[2023-12-22 12:32:48,836][rest_client.py 55][INFO]: 接口请求的headers参数>>>
{
  "Authorization": "JWT eyJ0eXAiOiJKV1QiLCJhbGciOiJIUzI1NiJ9.eyJ1c2VyX2lkIjoyMzExODksInVzZXJuYW1lIjoiMTczMjUyMjA2NjQiLCJleHAiOjE3MDM4MjQzNjgsImVtYWlsIjpudWxsfQ.uBAWFZOjmyvl7tQsbXH27joJKfpUsps5lOqei4ZoFO8"
}
[2023-12-22 12:32:48,881][response_util.py 14][INFO]: 接口返回的内容是>>>: {"nums": 3, "goods": 6}
[2023-12-22 12:32:48,881][mysql_util.py 48][INFO]: 执行sql：SELECT * FROM users_userprofile WHERE mobile = '17325220664'
[2023-12-22 12:32:48,958][conftest.py 32][INFO]: sql执行结果：None
[2023-12-22 12:36:50,009][rest_client.py 46][INFO]: 接口请求的地址为>>>http://admin.5istudy.online/login/
[2023-12-22 12:36:50,009][rest_client.py 47][INFO]: 接口请求的方法>>>POST
[2023-12-22 12:36:50,009][rest_client.py 51][INFO]: 接口请求的json参数>>>
{
  "username": 17325220664,
  "password": 123123
}
[2023-12-22 12:36:50,156][response_util.py 14][INFO]: 接口返回的内容是>>>: {"token": "eyJ0eXAiOiJKV1QiLCJhbGciOiJIUzI1NiJ9.eyJ1c2VyX2lkIjoyMzExODksInVzZXJuYW1lIjoiMTczMjUyMjA2NjQiLCJleHAiOjE3MDM4MjQ2MDksImVtYWlsIjpudWxsfQ.MKHAhd1Ye0LH4CcFeaNp4Aki6YYtNxUpnkaEyLPFDWw"}
[2023-12-22 12:36:50,162][rest_client.py 46][INFO]: 接口请求的地址为>>>http://admin.5istudy.online/shopcarts/
[2023-12-22 12:36:50,162][rest_client.py 47][INFO]: 接口请求的方法>>>POST
[2023-12-22 12:36:50,163][rest_client.py 51][INFO]: 接口请求的json参数>>>
{
  "goods": 6,
  "nums": 1
}
[2023-12-22 12:36:50,163][rest_client.py 55][INFO]: 接口请求的headers参数>>>
{
  "Authorization": "JWT eyJ0eXAiOiJKV1QiLCJhbGciOiJIUzI1NiJ9.eyJ1c2VyX2lkIjoyMzExODksInVzZXJuYW1lIjoiMTczMjUyMjA2NjQiLCJleHAiOjE3MDM4MjQ2MDksImVtYWlsIjpudWxsfQ.MKHAhd1Ye0LH4CcFeaNp4Aki6YYtNxUpnkaEyLPFDWw"
}
[2023-12-22 12:36:50,206][response_util.py 14][INFO]: 接口返回的内容是>>>: {"nums": 4, "goods": 6}
[2023-12-22 12:36:50,207][mysql_util.py 29][INFO]: 执行sql：SELECT * FROM users_userprofile WHERE mobile = '17325220664'
[2023-12-22 12:36:50,249][mysql_util.py 33][INFO]: sql执行结果：{'id': 231189, 'password': 'pbkdf2_sha256$100000$Y1Qit0kZWDPV$dynHh0QEoH8srIiTp6729cVKHlfYJWBr3fAHgpDstog=', 'last_login': None, 'is_superuser': 0, 'username': '17325220664', 'first_name': '', 'last_name': '', 'is_staff': 0, 'is_active': 1, 'date_joined': datetime.datetime(2023, 12, 21, 14, 11, 49, 284660), 'name': None, 'birthday': None, 'mobile': '17325220664', 'gender': 'female', 'email': None}
[2023-12-22 12:36:50,249][mysql_util.py 29][INFO]: 执行sql：SELECT nums FROM trade_shoppingcart WHERE user_id = '231189' and goods_id = '6'
[2023-12-22 12:36:50,278][mysql_util.py 33][INFO]: sql执行结果：{'nums': 4}
[2023-12-22 15:11:16,713][rest_client.py 46][INFO]: 接口请求的地址为>>>http://admin.5istudy.online/login/
[2023-12-22 15:11:16,713][rest_client.py 47][INFO]: 接口请求的方法>>>POST
[2023-12-22 15:11:16,713][rest_client.py 51][INFO]: 接口请求的json参数>>>
{
  "username": 17325220664,
  "password": 123123
}
[2023-12-22 15:11:17,756][response_util.py 14][INFO]: 接口返回的内容是>>>: {"token": "eyJ0eXAiOiJKV1QiLCJhbGciOiJIUzI1NiJ9.eyJ1c2VyX2lkIjoyMzExODksInVzZXJuYW1lIjoiMTczMjUyMjA2NjQiLCJleHAiOjE3MDM4MzM4NzcsImVtYWlsIjpudWxsfQ.rN-EmjmmMwpauibZVahp_k0wVKV8uZQ9O41m-2DTYKk"}
[2023-12-22 15:14:05,917][rest_client.py 46][INFO]: 接口请求的地址为>>>http://admin.5istudy.online/login/
[2023-12-22 15:14:05,918][rest_client.py 47][INFO]: 接口请求的方法>>>POST
[2023-12-22 15:14:05,918][rest_client.py 51][INFO]: 接口请求的json参数>>>
{
  "username": 17325220664,
  "password": 123123
}
[2023-12-22 15:14:06,066][response_util.py 14][INFO]: 接口返回的内容是>>>: {"token": "eyJ0eXAiOiJKV1QiLCJhbGciOiJIUzI1NiJ9.eyJ1c2VyX2lkIjoyMzExODksInVzZXJuYW1lIjoiMTczMjUyMjA2NjQiLCJleHAiOjE3MDM4MzQwNDUsImVtYWlsIjpudWxsfQ.bNBMnuRC-4NPtR0evHGktRTFM0SwpGeNCG011GiAc58"}
[2023-12-22 15:14:16,720][rest_client.py 46][INFO]: 接口请求的地址为>>>http://admin.5istudy.online/login/
[2023-12-22 15:14:16,720][rest_client.py 47][INFO]: 接口请求的方法>>>POST
[2023-12-22 15:14:16,720][rest_client.py 51][INFO]: 接口请求的json参数>>>
{
  "username": 17325220664,
  "password": 123123
}
[2023-12-22 15:14:16,876][response_util.py 14][INFO]: 接口返回的内容是>>>: {"token": "eyJ0eXAiOiJKV1QiLCJhbGciOiJIUzI1NiJ9.eyJ1c2VyX2lkIjoyMzExODksInVzZXJuYW1lIjoiMTczMjUyMjA2NjQiLCJleHAiOjE3MDM4MzQwNTYsImVtYWlsIjpudWxsfQ.Zpw-__1rb6nw0MWr61dFY74VqPB2JrYnomYACc0CS-A"}
[2023-12-22 15:14:16,885][rest_client.py 46][INFO]: 接口请求的地址为>>>http://admin.5istudy.online/shopcarts/
[2023-12-22 15:14:16,885][rest_client.py 47][INFO]: 接口请求的方法>>>POST
[2023-12-22 15:14:16,885][rest_client.py 51][INFO]: 接口请求的json参数>>>
{
  "goods": 6,
  "nums": 1
}
[2023-12-22 15:14:16,885][rest_client.py 55][INFO]: 接口请求的headers参数>>>
{
  "Authorization": "JWT eyJ0eXAiOiJKV1QiLCJhbGciOiJIUzI1NiJ9.eyJ1c2VyX2lkIjoyMzExODksInVzZXJuYW1lIjoiMTczMjUyMjA2NjQiLCJleHAiOjE3MDM4MzQwNTYsImVtYWlsIjpudWxsfQ.Zpw-__1rb6nw0MWr61dFY74VqPB2JrYnomYACc0CS-A"
}
[2023-12-22 15:14:16,982][response_util.py 14][INFO]: 接口返回的内容是>>>: {"nums": 5, "goods": 6}
[2023-12-22 15:14:16,983][mysql_util.py 29][INFO]: 执行sql：SELECT * FROM users_userprofile WHERE mobile = '17325220664'
[2023-12-22 15:14:17,024][mysql_util.py 33][INFO]: sql执行结果：{'id': 231189, 'password': 'pbkdf2_sha256$100000$Y1Qit0kZWDPV$dynHh0QEoH8srIiTp6729cVKHlfYJWBr3fAHgpDstog=', 'last_login': None, 'is_superuser': 0, 'username': '17325220664', 'first_name': '', 'last_name': '', 'is_staff': 0, 'is_active': 1, 'date_joined': datetime.datetime(2023, 12, 21, 14, 11, 49, 284660), 'name': None, 'birthday': None, 'mobile': '17325220664', 'gender': 'female', 'email': None}
[2023-12-22 15:14:17,025][mysql_util.py 29][INFO]: 执行sql：SELECT nums FROM trade_shoppingcart WHERE user_id = '231189' and goods_id = '6'
[2023-12-22 15:14:17,053][mysql_util.py 33][INFO]: sql执行结果：{'nums': 5}
[2023-12-22 15:14:26,316][rest_client.py 46][INFO]: 接口请求的地址为>>>http://admin.5istudy.online/login/
[2023-12-22 15:14:26,316][rest_client.py 47][INFO]: 接口请求的方法>>>POST
[2023-12-22 15:14:26,316][rest_client.py 51][INFO]: 接口请求的json参数>>>
{
  "username": 17325220664,
  "password": 123123
}
[2023-12-22 15:14:26,467][response_util.py 14][INFO]: 接口返回的内容是>>>: {"token": "eyJ0eXAiOiJKV1QiLCJhbGciOiJIUzI1NiJ9.eyJ1c2VyX2lkIjoyMzExODksInVzZXJuYW1lIjoiMTczMjUyMjA2NjQiLCJleHAiOjE3MDM4MzQwNjYsImVtYWlsIjpudWxsfQ.3zsYJT2wPLDevgNeSqvleLhn-iF857mvaSJHotASbWc"}
[2023-12-22 15:14:26,475][rest_client.py 46][INFO]: 接口请求的地址为>>>http://admin.5istudy.online/shopcarts/
[2023-12-22 15:14:26,475][rest_client.py 47][INFO]: 接口请求的方法>>>POST
[2023-12-22 15:14:26,475][rest_client.py 51][INFO]: 接口请求的json参数>>>
{
  "goods": 6,
  "nums": 1
}
[2023-12-22 15:14:26,475][rest_client.py 55][INFO]: 接口请求的headers参数>>>
{
  "Authorization": "JWT eyJ0eXAiOiJKV1QiLCJhbGciOiJIUzI1NiJ9.eyJ1c2VyX2lkIjoyMzExODksInVzZXJuYW1lIjoiMTczMjUyMjA2NjQiLCJleHAiOjE3MDM4MzQwNjYsImVtYWlsIjpudWxsfQ.3zsYJT2wPLDevgNeSqvleLhn-iF857mvaSJHotASbWc"
}
[2023-12-22 15:14:26,558][response_util.py 14][INFO]: 接口返回的内容是>>>: {"nums": 6, "goods": 6}
[2023-12-22 15:14:26,558][mysql_util.py 29][INFO]: 执行sql：SELECT * FROM users_userprofile WHERE mobile = '17325220664'
[2023-12-22 15:14:26,604][mysql_util.py 33][INFO]: sql执行结果：{'id': 231189, 'password': 'pbkdf2_sha256$100000$Y1Qit0kZWDPV$dynHh0QEoH8srIiTp6729cVKHlfYJWBr3fAHgpDstog=', 'last_login': None, 'is_superuser': 0, 'username': '17325220664', 'first_name': '', 'last_name': '', 'is_staff': 0, 'is_active': 1, 'date_joined': datetime.datetime(2023, 12, 21, 14, 11, 49, 284660), 'name': None, 'birthday': None, 'mobile': '17325220664', 'gender': 'female', 'email': None}
[2023-12-22 15:14:26,604][mysql_util.py 29][INFO]: 执行sql：SELECT nums FROM trade_shoppingcart WHERE user_id = '231189' and goods_id = '6'
[2023-12-22 15:14:26,636][mysql_util.py 33][INFO]: sql执行结果：{'nums': 6}
[2023-12-22 18:07:24,000][mysql_util.py 48][INFO]: 执行sql：delete from users_verifycode where mobile = '17325220662'
[2023-12-22 18:07:24,173][conftest.py 25][INFO]: sql执行结果：None
[2023-12-22 18:07:24,174][rest_client.py 46][INFO]: 接口请求的地址为>>>http://admin.5istudy.online/code/
[2023-12-22 18:07:24,174][rest_client.py 47][INFO]: 接口请求的方法>>>POST
[2023-12-22 18:07:24,175][rest_client.py 51][INFO]: 接口请求的json参数>>>
{
  "mobile": 17325220662
}
[2023-12-22 18:07:24,432][response_util.py 14][INFO]: 接口返回的内容是>>>: {"mobile": "17325220662"}
[2023-12-22 18:07:24,432][mysql_util.py 29][INFO]: 执行sql：select code from users_verifycode where mobile = '17325220662' order by id desc limit 1;
[2023-12-22 18:07:24,551][mysql_util.py 33][INFO]: sql执行结果：{'code': '1183'}
[2023-12-22 18:07:24,551][conftest.py 10][INFO]: sql执行结果：{'code': '1183'}
[2023-12-22 18:07:24,551][rest_client.py 46][INFO]: 接口请求的地址为>>>http://admin.5istudy.online/users/
[2023-12-22 18:07:24,551][rest_client.py 47][INFO]: 接口请求的方法>>>POST
[2023-12-22 18:07:24,551][rest_client.py 51][INFO]: 接口请求的json参数>>>
{
  "code": "1183",
  "password": "123123",
  "username": "17325220662"
}
[2023-12-22 18:07:24,704][response_util.py 14][INFO]: 接口返回的内容是>>>: {"username": "17325220662", "mobile": "17325220662", "token": "eyJ0eXAiOiJKV1QiLCJhbGciOiJIUzI1NiJ9.eyJ1c2VyX2lkIjoxMDAwMDAzMCwidXNlcm5hbWUiOiIxNzMyNTIyMDY2MiIsImV4cCI6MTcwMzg0NDQ0NCwiZW1haWwiOm51bGx9.c58JATSfA_L2rMVqJGGD1L-CsbxYaAg3-FB90UMKtSE", "name": "17325220662"}
[2023-12-22 18:07:24,704][mysql_util.py 48][INFO]: 执行sql：delete from users_userprofile where mobile = '17325220662'
[2023-12-22 18:07:24,783][conftest.py 18][INFO]: sql执行结果：None
[2023-12-22 18:07:24,791][rest_client.py 46][INFO]: 接口请求的地址为>>>http://admin.5istudy.online/login/
[2023-12-22 18:07:24,791][rest_client.py 47][INFO]: 接口请求的方法>>>POST
[2023-12-22 18:07:24,791][rest_client.py 51][INFO]: 接口请求的json参数>>>
{
  "username": 17325220664,
  "password": 123123
}
[2023-12-22 18:07:24,934][response_util.py 14][INFO]: 接口返回的内容是>>>: {"token": "eyJ0eXAiOiJKV1QiLCJhbGciOiJIUzI1NiJ9.eyJ1c2VyX2lkIjoyMzExODksInVzZXJuYW1lIjoiMTczMjUyMjA2NjQiLCJleHAiOjE3MDM4NDQ0NDQsImVtYWlsIjpudWxsfQ.jh9t3crRwN8_hdRsSpx5DW6AjoyKbMdh_hef1R-fHYw"}
[2023-12-22 18:07:24,941][rest_client.py 46][INFO]: 接口请求的地址为>>>http://admin.5istudy.online/login/
[2023-12-22 18:07:24,941][rest_client.py 47][INFO]: 接口请求的方法>>>POST
[2023-12-22 18:07:24,941][rest_client.py 51][INFO]: 接口请求的json参数>>>
{
  "username": 17325220664,
  "password": 123123
}
[2023-12-22 18:07:25,091][response_util.py 14][INFO]: 接口返回的内容是>>>: {"token": "eyJ0eXAiOiJKV1QiLCJhbGciOiJIUzI1NiJ9.eyJ1c2VyX2lkIjoyMzExODksInVzZXJuYW1lIjoiMTczMjUyMjA2NjQiLCJleHAiOjE3MDM4NDQ0NDQsImVtYWlsIjpudWxsfQ.jh9t3crRwN8_hdRsSpx5DW6AjoyKbMdh_hef1R-fHYw"}
[2023-12-22 18:07:25,095][rest_client.py 46][INFO]: 接口请求的地址为>>>http://admin.5istudy.online/shopcarts/
[2023-12-22 18:07:25,095][rest_client.py 47][INFO]: 接口请求的方法>>>POST
[2023-12-22 18:07:25,095][rest_client.py 51][INFO]: 接口请求的json参数>>>
{
  "goods": 6,
  "nums": 1
}
[2023-12-22 18:07:25,095][rest_client.py 55][INFO]: 接口请求的headers参数>>>
{
  "Authorization": "JWT eyJ0eXAiOiJKV1QiLCJhbGciOiJIUzI1NiJ9.eyJ1c2VyX2lkIjoyMzExODksInVzZXJuYW1lIjoiMTczMjUyMjA2NjQiLCJleHAiOjE3MDM4NDQ0NDQsImVtYWlsIjpudWxsfQ.jh9t3crRwN8_hdRsSpx5DW6AjoyKbMdh_hef1R-fHYw"
}
[2023-12-22 18:07:25,175][response_util.py 14][INFO]: 接口返回的内容是>>>: {"nums": 7, "goods": 6}
[2023-12-22 18:07:25,176][mysql_util.py 29][INFO]: 执行sql：SELECT * FROM users_userprofile WHERE mobile = '17325220664'
[2023-12-22 18:07:25,220][mysql_util.py 33][INFO]: sql执行结果：{'id': 231189, 'password': 'pbkdf2_sha256$100000$Y1Qit0kZWDPV$dynHh0QEoH8srIiTp6729cVKHlfYJWBr3fAHgpDstog=', 'last_login': None, 'is_superuser': 0, 'username': '17325220664', 'first_name': '', 'last_name': '', 'is_staff': 0, 'is_active': 1, 'date_joined': datetime.datetime(2023, 12, 21, 14, 11, 49, 284660), 'name': None, 'birthday': None, 'mobile': '17325220664', 'gender': 'female', 'email': None}
[2023-12-22 18:07:25,221][mysql_util.py 29][INFO]: 执行sql：SELECT nums FROM trade_shoppingcart WHERE user_id = '231189' and goods_id = '6'
[2023-12-22 18:07:25,253][mysql_util.py 33][INFO]: sql执行结果：{'nums': 7}
[2023-12-22 18:07:25,265][rest_client.py 46][INFO]: 接口请求的地址为>>>http://admin.5istudy.online/login/
[2023-12-22 18:07:25,265][rest_client.py 47][INFO]: 接口请求的方法>>>POST
[2023-12-22 18:07:25,265][rest_client.py 51][INFO]: 接口请求的json参数>>>
{
  "username": 17325220664,
  "password": 123123
}
[2023-12-22 18:07:25,419][response_util.py 14][INFO]: 接口返回的内容是>>>: {"token": "eyJ0eXAiOiJKV1QiLCJhbGciOiJIUzI1NiJ9.eyJ1c2VyX2lkIjoyMzExODksInVzZXJuYW1lIjoiMTczMjUyMjA2NjQiLCJleHAiOjE3MDM4NDQ0NDUsImVtYWlsIjpudWxsfQ.uzi4ZTlG5IiUaFhZ_oK_8JtV7jad-Gwm8UPEs_hyayU"}
[2023-12-22 18:07:25,422][rest_client.py 46][INFO]: 接口请求的地址为>>>http://admin.5istudy.online/shopcarts/
[2023-12-22 18:07:25,422][rest_client.py 47][INFO]: 接口请求的方法>>>POST
[2023-12-22 18:07:25,422][rest_client.py 51][INFO]: 接口请求的json参数>>>
{
  "goods": 6,
  "nums": 1
}
[2023-12-22 18:07:25,422][rest_client.py 55][INFO]: 接口请求的headers参数>>>
{
  "Authorization": "JWT eyJ0eXAiOiJKV1QiLCJhbGciOiJIUzI1NiJ9.eyJ1c2VyX2lkIjoyMzExODksInVzZXJuYW1lIjoiMTczMjUyMjA2NjQiLCJleHAiOjE3MDM4NDQ0NDUsImVtYWlsIjpudWxsfQ.uzi4ZTlG5IiUaFhZ_oK_8JtV7jad-Gwm8UPEs_hyayU"
}
[2023-12-22 18:07:25,502][response_util.py 14][INFO]: 接口返回的内容是>>>: {"nums": 8, "goods": 6}
[2023-12-22 18:07:25,502][mysql_util.py 29][INFO]: 执行sql：SELECT * FROM users_userprofile WHERE mobile = '17325220664'
[2023-12-22 18:07:25,547][mysql_util.py 33][INFO]: sql执行结果：{'id': 231189, 'password': 'pbkdf2_sha256$100000$Y1Qit0kZWDPV$dynHh0QEoH8srIiTp6729cVKHlfYJWBr3fAHgpDstog=', 'last_login': None, 'is_superuser': 0, 'username': '17325220664', 'first_name': '', 'last_name': '', 'is_staff': 0, 'is_active': 1, 'date_joined': datetime.datetime(2023, 12, 21, 14, 11, 49, 284660), 'name': None, 'birthday': None, 'mobile': '17325220664', 'gender': 'female', 'email': None}
[2023-12-22 18:07:25,547][mysql_util.py 29][INFO]: 执行sql：SELECT nums FROM trade_shoppingcart WHERE user_id = '231189' and goods_id = '6'
[2023-12-22 18:07:25,579][mysql_util.py 33][INFO]: sql执行结果：{'nums': 8}
[2023-12-22 18:18:27,128][mysql_util.py 48][INFO]: 执行sql：delete from users_verifycode where mobile = '17325220662'
[2023-12-22 18:18:27,194][conftest.py 25][INFO]: sql执行结果：None
[2023-12-22 18:18:27,194][rest_client.py 46][INFO]: 接口请求的地址为>>>http://admin.5istudy.online/code/
[2023-12-22 18:18:27,194][rest_client.py 47][INFO]: 接口请求的方法>>>POST
[2023-12-22 18:18:27,194][rest_client.py 51][INFO]: 接口请求的json参数>>>
{
  "mobile": 17325220662
}
[2023-12-22 18:18:27,288][response_util.py 14][INFO]: 接口返回的内容是>>>: {"mobile": "17325220662"}
[2023-12-22 18:18:27,288][mysql_util.py 29][INFO]: 执行sql：select code from users_verifycode where mobile = '17325220662' order by id desc limit 1;
[2023-12-22 18:18:27,319][mysql_util.py 33][INFO]: sql执行结果：{'code': '9038'}
[2023-12-22 18:18:27,319][conftest.py 10][INFO]: sql执行结果：{'code': '9038'}
[2023-12-22 18:18:27,319][rest_client.py 46][INFO]: 接口请求的地址为>>>http://admin.5istudy.online/users/
[2023-12-22 18:18:27,319][rest_client.py 47][INFO]: 接口请求的方法>>>POST
[2023-12-22 18:18:27,319][rest_client.py 51][INFO]: 接口请求的json参数>>>
{
  "code": "9038",
  "password": "123123",
  "username": "17325220662"
}
[2023-12-22 18:18:27,473][response_util.py 14][INFO]: 接口返回的内容是>>>: {"username": "17325220662", "mobile": "17325220662", "token": "eyJ0eXAiOiJKV1QiLCJhbGciOiJIUzI1NiJ9.eyJ1c2VyX2lkIjoxMDAwMDAzMSwidXNlcm5hbWUiOiIxNzMyNTIyMDY2MiIsImV4cCI6MTcwMzg0NTEwNywiZW1haWwiOm51bGx9.uupioqkiAdn59gI4iFIpRFB8njErbbSCA2zmWbPjd3g", "name": "17325220662"}
[2023-12-22 18:18:27,473][mysql_util.py 48][INFO]: 执行sql：delete from users_userprofile where mobile = '17325220662'
[2023-12-22 18:18:27,558][conftest.py 18][INFO]: sql执行结果：None
[2023-12-22 18:18:27,565][rest_client.py 46][INFO]: 接口请求的地址为>>>http://admin.5istudy.online/login/
[2023-12-22 18:18:27,565][rest_client.py 47][INFO]: 接口请求的方法>>>POST
[2023-12-22 18:18:27,565][rest_client.py 51][INFO]: 接口请求的json参数>>>
{
  "username": 17325220664,
  "password": 123123
}
[2023-12-22 18:18:27,721][response_util.py 14][INFO]: 接口返回的内容是>>>: {"token": "eyJ0eXAiOiJKV1QiLCJhbGciOiJIUzI1NiJ9.eyJ1c2VyX2lkIjoyMzExODksInVzZXJuYW1lIjoiMTczMjUyMjA2NjQiLCJleHAiOjE3MDM4NDUxMDcsImVtYWlsIjpudWxsfQ.UrKFBISxK64YMqljUAxX8t0dFaYayQU84MSdRda_D5U"}
[2023-12-22 18:18:27,727][rest_client.py 46][INFO]: 接口请求的地址为>>>http://admin.5istudy.online/login/
[2023-12-22 18:18:27,727][rest_client.py 47][INFO]: 接口请求的方法>>>POST
[2023-12-22 18:18:27,728][rest_client.py 51][INFO]: 接口请求的json参数>>>
{
  "username": 17325220664,
  "password": 123123
}
[2023-12-22 18:18:27,885][response_util.py 14][INFO]: 接口返回的内容是>>>: {"token": "eyJ0eXAiOiJKV1QiLCJhbGciOiJIUzI1NiJ9.eyJ1c2VyX2lkIjoyMzExODksInVzZXJuYW1lIjoiMTczMjUyMjA2NjQiLCJleHAiOjE3MDM4NDUxMDcsImVtYWlsIjpudWxsfQ.UrKFBISxK64YMqljUAxX8t0dFaYayQU84MSdRda_D5U"}
[2023-12-22 18:18:27,888][rest_client.py 46][INFO]: 接口请求的地址为>>>http://admin.5istudy.online/shopcarts/
[2023-12-22 18:18:27,888][rest_client.py 47][INFO]: 接口请求的方法>>>POST
[2023-12-22 18:18:27,888][rest_client.py 51][INFO]: 接口请求的json参数>>>
{
  "goods": 6,
  "nums": 1
}
[2023-12-22 18:18:27,888][rest_client.py 55][INFO]: 接口请求的headers参数>>>
{
  "Authorization": "JWT eyJ0eXAiOiJKV1QiLCJhbGciOiJIUzI1NiJ9.eyJ1c2VyX2lkIjoyMzExODksInVzZXJuYW1lIjoiMTczMjUyMjA2NjQiLCJleHAiOjE3MDM4NDUxMDcsImVtYWlsIjpudWxsfQ.UrKFBISxK64YMqljUAxX8t0dFaYayQU84MSdRda_D5U"
}
[2023-12-22 18:18:27,967][response_util.py 14][INFO]: 接口返回的内容是>>>: {"nums": 9, "goods": 6}
[2023-12-22 18:18:27,967][mysql_util.py 29][INFO]: 执行sql：SELECT * FROM users_userprofile WHERE mobile = '17325220664'
[2023-12-22 18:18:28,012][mysql_util.py 33][INFO]: sql执行结果：{'id': 231189, 'password': 'pbkdf2_sha256$100000$Y1Qit0kZWDPV$dynHh0QEoH8srIiTp6729cVKHlfYJWBr3fAHgpDstog=', 'last_login': None, 'is_superuser': 0, 'username': '17325220664', 'first_name': '', 'last_name': '', 'is_staff': 0, 'is_active': 1, 'date_joined': datetime.datetime(2023, 12, 21, 14, 11, 49, 284660), 'name': None, 'birthday': None, 'mobile': '17325220664', 'gender': 'female', 'email': None}
[2023-12-22 18:18:28,012][mysql_util.py 29][INFO]: 执行sql：SELECT nums FROM trade_shoppingcart WHERE user_id = '231189' and goods_id = '6'
[2023-12-22 18:18:28,043][mysql_util.py 33][INFO]: sql执行结果：{'nums': 9}
[2023-12-22 18:18:28,048][rest_client.py 46][INFO]: 接口请求的地址为>>>http://admin.5istudy.online/shopcarts/
[2023-12-22 18:18:28,048][rest_client.py 47][INFO]: 接口请求的方法>>>POST
[2023-12-22 18:18:28,048][rest_client.py 51][INFO]: 接口请求的json参数>>>
{
  "goods": 6,
  "nums": 1
}
[2023-12-22 18:18:28,048][rest_client.py 55][INFO]: 接口请求的headers参数>>>
{
  "Authorization": "JWT eyJ0eXAiOiJKV1QiLCJhbGciOiJIUzI1NiJ9.eyJ1c2VyX2lkIjoyMzExODksInVzZXJuYW1lIjoiMTczMjUyMjA2NjQiLCJleHAiOjE3MDM4NDUxMDcsImVtYWlsIjpudWxsfQ.UrKFBISxK64YMqljUAxX8t0dFaYayQU84MSdRda_D5U"
}
[2023-12-22 18:18:28,127][response_util.py 14][INFO]: 接口返回的内容是>>>: {"nums": 10, "goods": 6}
[2023-12-22 18:18:28,127][mysql_util.py 29][INFO]: 执行sql：SELECT * FROM users_userprofile WHERE mobile = '17325220664'
[2023-12-22 18:18:28,171][mysql_util.py 33][INFO]: sql执行结果：{'id': 231189, 'password': 'pbkdf2_sha256$100000$Y1Qit0kZWDPV$dynHh0QEoH8srIiTp6729cVKHlfYJWBr3fAHgpDstog=', 'last_login': None, 'is_superuser': 0, 'username': '17325220664', 'first_name': '', 'last_name': '', 'is_staff': 0, 'is_active': 1, 'date_joined': datetime.datetime(2023, 12, 21, 14, 11, 49, 284660), 'name': None, 'birthday': None, 'mobile': '17325220664', 'gender': 'female', 'email': None}
[2023-12-22 18:18:28,171][mysql_util.py 29][INFO]: 执行sql：SELECT nums FROM trade_shoppingcart WHERE user_id = '231189' and goods_id = '6'
[2023-12-22 18:18:28,202][mysql_util.py 33][INFO]: sql执行结果：{'nums': 10}
[2023-12-22 18:19:06,196][mysql_util.py 48][INFO]: 执行sql：delete from users_verifycode where mobile = '17325220662'
[2023-12-22 18:19:06,255][conftest.py 25][INFO]: sql执行结果：None
[2023-12-22 18:19:06,256][rest_client.py 46][INFO]: 接口请求的地址为>>>http://admin.5istudy.online/code/
[2023-12-22 18:19:06,256][rest_client.py 47][INFO]: 接口请求的方法>>>POST
[2023-12-22 18:19:06,256][rest_client.py 51][INFO]: 接口请求的json参数>>>
{
  "mobile": 17325220662
}
[2023-12-22 18:19:06,354][response_util.py 14][INFO]: 接口返回的内容是>>>: {"mobile": "17325220662"}
[2023-12-22 18:19:06,354][mysql_util.py 29][INFO]: 执行sql：select code from users_verifycode where mobile = '17325220662' order by id desc limit 1;
[2023-12-22 18:19:06,382][mysql_util.py 33][INFO]: sql执行结果：{'code': '8632'}
[2023-12-22 18:19:06,382][conftest.py 10][INFO]: sql执行结果：{'code': '8632'}
[2023-12-22 18:19:06,382][rest_client.py 46][INFO]: 接口请求的地址为>>>http://admin.5istudy.online/users/
[2023-12-22 18:19:06,382][rest_client.py 47][INFO]: 接口请求的方法>>>POST
[2023-12-22 18:19:06,382][rest_client.py 51][INFO]: 接口请求的json参数>>>
{
  "code": "8632",
  "password": "123123",
  "username": "17325220662"
}
[2023-12-22 18:19:06,592][response_util.py 14][INFO]: 接口返回的内容是>>>: {"username": "17325220662", "mobile": "17325220662", "token": "eyJ0eXAiOiJKV1QiLCJhbGciOiJIUzI1NiJ9.eyJ1c2VyX2lkIjoxMDAwMDAzMiwidXNlcm5hbWUiOiIxNzMyNTIyMDY2MiIsImV4cCI6MTcwMzg0NTE0NiwiZW1haWwiOm51bGx9.mvn98_XNsGHvA7G86cCaTt_vBkRfM--OsjmxdV38qBQ", "name": "17325220662"}
[2023-12-22 18:19:06,593][mysql_util.py 48][INFO]: 执行sql：delete from users_userprofile where mobile = '17325220662'
[2023-12-22 18:19:06,666][conftest.py 18][INFO]: sql执行结果：None
[2023-12-22 18:19:06,674][rest_client.py 46][INFO]: 接口请求的地址为>>>http://admin.5istudy.online/login/
[2023-12-22 18:19:06,675][rest_client.py 47][INFO]: 接口请求的方法>>>POST
[2023-12-22 18:19:06,675][rest_client.py 51][INFO]: 接口请求的json参数>>>
{
  "username": 17325220664,
  "password": 123123
}
[2023-12-22 18:19:06,828][response_util.py 14][INFO]: 接口返回的内容是>>>: {"token": "eyJ0eXAiOiJKV1QiLCJhbGciOiJIUzI1NiJ9.eyJ1c2VyX2lkIjoyMzExODksInVzZXJuYW1lIjoiMTczMjUyMjA2NjQiLCJleHAiOjE3MDM4NDUxNDYsImVtYWlsIjpudWxsfQ.2pMx9HnC3cJhBIB5rDCd3gwKvilKwEEIv6pr7qjEVlM"}
[2023-12-22 18:19:06,832][rest_client.py 46][INFO]: 接口请求的地址为>>>http://admin.5istudy.online/login/
[2023-12-22 18:19:06,833][rest_client.py 47][INFO]: 接口请求的方法>>>POST
[2023-12-22 18:19:06,833][rest_client.py 51][INFO]: 接口请求的json参数>>>
{
  "username": 17325220664,
  "password": 123123
}
[2023-12-22 18:19:06,985][response_util.py 14][INFO]: 接口返回的内容是>>>: {"token": "eyJ0eXAiOiJKV1QiLCJhbGciOiJIUzI1NiJ9.eyJ1c2VyX2lkIjoyMzExODksInVzZXJuYW1lIjoiMTczMjUyMjA2NjQiLCJleHAiOjE3MDM4NDUxNDYsImVtYWlsIjpudWxsfQ.2pMx9HnC3cJhBIB5rDCd3gwKvilKwEEIv6pr7qjEVlM"}
[2023-12-22 18:19:06,988][rest_client.py 46][INFO]: 接口请求的地址为>>>http://admin.5istudy.online/shopcarts/
[2023-12-22 18:19:06,988][rest_client.py 47][INFO]: 接口请求的方法>>>POST
[2023-12-22 18:19:06,988][rest_client.py 51][INFO]: 接口请求的json参数>>>
{
  "goods": 6,
  "nums": 1
}
[2023-12-22 18:19:06,988][rest_client.py 55][INFO]: 接口请求的headers参数>>>
{
  "Authorization": "JWT eyJ0eXAiOiJKV1QiLCJhbGciOiJIUzI1NiJ9.eyJ1c2VyX2lkIjoyMzExODksInVzZXJuYW1lIjoiMTczMjUyMjA2NjQiLCJleHAiOjE3MDM4NDUxNDYsImVtYWlsIjpudWxsfQ.2pMx9HnC3cJhBIB5rDCd3gwKvilKwEEIv6pr7qjEVlM"
}
[2023-12-22 18:19:07,067][response_util.py 14][INFO]: 接口返回的内容是>>>: {"nums": 11, "goods": 6}
[2023-12-22 18:19:07,067][mysql_util.py 29][INFO]: 执行sql：SELECT * FROM users_userprofile WHERE mobile = '17325220664'
[2023-12-22 18:19:07,108][mysql_util.py 33][INFO]: sql执行结果：{'id': 231189, 'password': 'pbkdf2_sha256$100000$Y1Qit0kZWDPV$dynHh0QEoH8srIiTp6729cVKHlfYJWBr3fAHgpDstog=', 'last_login': None, 'is_superuser': 0, 'username': '17325220664', 'first_name': '', 'last_name': '', 'is_staff': 0, 'is_active': 1, 'date_joined': datetime.datetime(2023, 12, 21, 14, 11, 49, 284660), 'name': None, 'birthday': None, 'mobile': '17325220664', 'gender': 'female', 'email': None}
[2023-12-22 18:19:07,109][mysql_util.py 29][INFO]: 执行sql：SELECT nums FROM trade_shoppingcart WHERE user_id = '231189' and goods_id = '6'
[2023-12-22 18:19:07,137][mysql_util.py 33][INFO]: sql执行结果：{'nums': 11}
[2023-12-22 18:19:07,143][rest_client.py 46][INFO]: 接口请求的地址为>>>http://admin.5istudy.online/shopcarts/
[2023-12-22 18:19:07,143][rest_client.py 47][INFO]: 接口请求的方法>>>POST
[2023-12-22 18:19:07,143][rest_client.py 51][INFO]: 接口请求的json参数>>>
{
  "goods": 6,
  "nums": 1
}
[2023-12-22 18:19:07,143][rest_client.py 55][INFO]: 接口请求的headers参数>>>
{
  "Authorization": "JWT eyJ0eXAiOiJKV1QiLCJhbGciOiJIUzI1NiJ9.eyJ1c2VyX2lkIjoyMzExODksInVzZXJuYW1lIjoiMTczMjUyMjA2NjQiLCJleHAiOjE3MDM4NDUxNDYsImVtYWlsIjpudWxsfQ.2pMx9HnC3cJhBIB5rDCd3gwKvilKwEEIv6pr7qjEVlM"
}
[2023-12-22 18:19:07,221][response_util.py 14][INFO]: 接口返回的内容是>>>: {"nums": 12, "goods": 6}
[2023-12-22 18:19:07,221][mysql_util.py 29][INFO]: 执行sql：SELECT * FROM users_userprofile WHERE mobile = '17325220664'
[2023-12-22 18:19:07,263][mysql_util.py 33][INFO]: sql执行结果：{'id': 231189, 'password': 'pbkdf2_sha256$100000$Y1Qit0kZWDPV$dynHh0QEoH8srIiTp6729cVKHlfYJWBr3fAHgpDstog=', 'last_login': None, 'is_superuser': 0, 'username': '17325220664', 'first_name': '', 'last_name': '', 'is_staff': 0, 'is_active': 1, 'date_joined': datetime.datetime(2023, 12, 21, 14, 11, 49, 284660), 'name': None, 'birthday': None, 'mobile': '17325220664', 'gender': 'female', 'email': None}
[2023-12-22 18:19:07,263][mysql_util.py 29][INFO]: 执行sql：SELECT nums FROM trade_shoppingcart WHERE user_id = '231189' and goods_id = '6'
[2023-12-22 18:19:07,290][mysql_util.py 33][INFO]: sql执行结果：{'nums': 12}
[2023-12-22 18:21:57,899][mysql_util.py 29][INFO]: 执行sql：SELECT count(1) as banner_num FROM goods_banner
[2023-12-22 18:21:57,931][mysql_util.py 33][INFO]: sql执行结果：{'banner_num': 5}
[2023-12-22 18:21:57,932][rest_client.py 46][INFO]: 接口请求的地址为>>>http://admin.5istudy.online/banners/
[2023-12-22 18:21:57,932][rest_client.py 47][INFO]: 接口请求的方法>>>GET
[2023-12-22 18:21:58,010][response_util.py 14][INFO]: 接口返回的内容是>>>: [{"id": 1824, "image": "http://admin.5istudy.online/media/banner/banner3_fzsuGSG.jpg", "index": 1, "add_time": "2022-10-27T08:33:00", "goods": 15}, {"id": 1821, "image": "http://admin.5istudy.online/media/banner/%E6%A1%83%E5%AD%90.jpg", "index": 2, "add_time": "2022-08-23T00:34:00", "goods": 82}, {"id": 1820, "image": "http://admin.5istudy.online/media/banner/banner1.jpg", "index": 3, "add_time": "2021-11-26T13:22:00", "goods": 4}, {"id": 1822, "image": "http://admin.5istudy.online/media/banner/%E5%9B%BE%E7%89%872.png", "index": 3, "add_time": "2022-09-22T10:53:00", "goods": 83}, {"id": 1825, "image": "http://admin.5istudy.online/media/banner/banner1.jpg", "index": 3, "add_time": "2021-11-26T13:22:00", "goods": 4}]
[2023-12-22 18:21:58,014][rest_client.py 46][INFO]: 接口请求的地址为>>>http://admin.5istudy.online/login/
[2023-12-22 18:21:58,014][rest_client.py 47][INFO]: 接口请求的方法>>>POST
[2023-12-22 18:21:58,014][rest_client.py 51][INFO]: 接口请求的json参数>>>
{
  "username": 17325220664,
  "password": 123123
}
[2023-12-22 18:21:58,166][response_util.py 14][INFO]: 接口返回的内容是>>>: {"token": "eyJ0eXAiOiJKV1QiLCJhbGciOiJIUzI1NiJ9.eyJ1c2VyX2lkIjoyMzExODksInVzZXJuYW1lIjoiMTczMjUyMjA2NjQiLCJleHAiOjE3MDM4NDUzMTcsImVtYWlsIjpudWxsfQ.Kd9NyF6gff66B5yFfXv4XXjnBh4CTtQRss6eF8zuHR8"}
[2023-12-22 18:21:58,169][rest_client.py 46][INFO]: 接口请求的地址为>>>http://admin.5istudy.online/shopcarts/
[2023-12-22 18:21:58,169][rest_client.py 47][INFO]: 接口请求的方法>>>POST
[2023-12-22 18:21:58,169][rest_client.py 51][INFO]: 接口请求的json参数>>>
{
  "goods": 6,
  "nums": 1
}
[2023-12-22 18:21:58,169][rest_client.py 55][INFO]: 接口请求的headers参数>>>
{
  "Authorization": "JWT eyJ0eXAiOiJKV1QiLCJhbGciOiJIUzI1NiJ9.eyJ1c2VyX2lkIjoyMzExODksInVzZXJuYW1lIjoiMTczMjUyMjA2NjQiLCJleHAiOjE3MDM4NDUzMTcsImVtYWlsIjpudWxsfQ.Kd9NyF6gff66B5yFfXv4XXjnBh4CTtQRss6eF8zuHR8"
}
[2023-12-22 18:21:58,244][response_util.py 14][INFO]: 接口返回的内容是>>>: {"nums": 13, "goods": 6}
[2023-12-22 18:21:58,244][mysql_util.py 29][INFO]: 执行sql：SELECT * FROM users_userprofile WHERE mobile = '17325220664'
[2023-12-22 18:21:58,288][mysql_util.py 33][INFO]: sql执行结果：{'id': 231189, 'password': 'pbkdf2_sha256$100000$Y1Qit0kZWDPV$dynHh0QEoH8srIiTp6729cVKHlfYJWBr3fAHgpDstog=', 'last_login': None, 'is_superuser': 0, 'username': '17325220664', 'first_name': '', 'last_name': '', 'is_staff': 0, 'is_active': 1, 'date_joined': datetime.datetime(2023, 12, 21, 14, 11, 49, 284660), 'name': None, 'birthday': None, 'mobile': '17325220664', 'gender': 'female', 'email': None}
[2023-12-22 18:21:58,288][mysql_util.py 29][INFO]: 执行sql：SELECT nums FROM trade_shoppingcart WHERE user_id = '231189' and goods_id = '6'
[2023-12-22 18:21:58,320][mysql_util.py 33][INFO]: sql执行结果：{'nums': 13}
[2023-12-22 18:21:58,326][mysql_util.py 48][INFO]: 执行sql：delete from users_verifycode where mobile = '17325220662'
[2023-12-22 18:21:58,393][conftest.py 25][INFO]: sql执行结果：None
[2023-12-22 18:21:58,393][rest_client.py 46][INFO]: 接口请求的地址为>>>http://admin.5istudy.online/code/
[2023-12-22 18:21:58,394][rest_client.py 47][INFO]: 接口请求的方法>>>POST
[2023-12-22 18:21:58,394][rest_client.py 51][INFO]: 接口请求的json参数>>>
{
  "mobile": 17325220662
}
[2023-12-22 18:21:58,473][response_util.py 14][INFO]: 接口返回的内容是>>>: {"mobile": "17325220662"}
[2023-12-22 18:21:58,473][mysql_util.py 29][INFO]: 执行sql：select code from users_verifycode where mobile = '17325220662' order by id desc limit 1;
[2023-12-22 18:21:58,505][mysql_util.py 33][INFO]: sql执行结果：{'code': '4262'}
[2023-12-22 18:21:58,505][conftest.py 10][INFO]: sql执行结果：{'code': '4262'}
[2023-12-22 18:21:58,505][rest_client.py 46][INFO]: 接口请求的地址为>>>http://admin.5istudy.online/users/
[2023-12-22 18:21:58,505][rest_client.py 47][INFO]: 接口请求的方法>>>POST
[2023-12-22 18:21:58,505][rest_client.py 51][INFO]: 接口请求的json参数>>>
{
  "code": "4262",
  "password": "123123",
  "username": "17325220662"
}
[2023-12-22 18:21:58,648][response_util.py 14][INFO]: 接口返回的内容是>>>: {"username": "17325220662", "mobile": "17325220662", "token": "eyJ0eXAiOiJKV1QiLCJhbGciOiJIUzI1NiJ9.eyJ1c2VyX2lkIjoxMDAwMDAzMywidXNlcm5hbWUiOiIxNzMyNTIyMDY2MiIsImV4cCI6MTcwMzg0NTMxOCwiZW1haWwiOm51bGx9.9bSqIZAHb2ntJEwSkU3B92SaGTyJDGHrL9EZgOqZTco", "name": "17325220662"}
[2023-12-22 18:21:58,648][mysql_util.py 48][INFO]: 执行sql：delete from users_userprofile where mobile = '17325220662'
[2023-12-22 18:21:58,725][conftest.py 18][INFO]: sql执行结果：None
[2023-12-22 18:21:58,728][rest_client.py 46][INFO]: 接口请求的地址为>>>http://admin.5istudy.online/login/
[2023-12-22 18:21:58,728][rest_client.py 47][INFO]: 接口请求的方法>>>POST
[2023-12-22 18:21:58,728][rest_client.py 51][INFO]: 接口请求的json参数>>>
{
  "username": 17325220664,
  "password": 123123
}
[2023-12-22 18:21:58,889][response_util.py 14][INFO]: 接口返回的内容是>>>: {"token": "eyJ0eXAiOiJKV1QiLCJhbGciOiJIUzI1NiJ9.eyJ1c2VyX2lkIjoyMzExODksInVzZXJuYW1lIjoiMTczMjUyMjA2NjQiLCJleHAiOjE3MDM4NDUzMTgsImVtYWlsIjpudWxsfQ.aT5Vel6AVxrxVYa2gr1wUe3j7mKqtyQnwhuQg1-_nzw"}
[2023-12-22 18:21:58,894][rest_client.py 46][INFO]: 接口请求的地址为>>>http://admin.5istudy.online/shopcarts/
[2023-12-22 18:21:58,894][rest_client.py 47][INFO]: 接口请求的方法>>>POST
[2023-12-22 18:21:58,894][rest_client.py 51][INFO]: 接口请求的json参数>>>
{
  "goods": 6,
  "nums": 1
}
[2023-12-22 18:21:58,894][rest_client.py 55][INFO]: 接口请求的headers参数>>>
{
  "Authorization": "JWT eyJ0eXAiOiJKV1QiLCJhbGciOiJIUzI1NiJ9.eyJ1c2VyX2lkIjoyMzExODksInVzZXJuYW1lIjoiMTczMjUyMjA2NjQiLCJleHAiOjE3MDM4NDUzMTcsImVtYWlsIjpudWxsfQ.Kd9NyF6gff66B5yFfXv4XXjnBh4CTtQRss6eF8zuHR8"
}
[2023-12-22 18:21:58,970][response_util.py 14][INFO]: 接口返回的内容是>>>: {"nums": 14, "goods": 6}
[2023-12-22 18:21:58,970][mysql_util.py 29][INFO]: 执行sql：SELECT * FROM users_userprofile WHERE mobile = '17325220664'
[2023-12-22 18:21:59,016][mysql_util.py 33][INFO]: sql执行结果：{'id': 231189, 'password': 'pbkdf2_sha256$100000$Y1Qit0kZWDPV$dynHh0QEoH8srIiTp6729cVKHlfYJWBr3fAHgpDstog=', 'last_login': None, 'is_superuser': 0, 'username': '17325220664', 'first_name': '', 'last_name': '', 'is_staff': 0, 'is_active': 1, 'date_joined': datetime.datetime(2023, 12, 21, 14, 11, 49, 284660), 'name': None, 'birthday': None, 'mobile': '17325220664', 'gender': 'female', 'email': None}
[2023-12-22 18:21:59,016][mysql_util.py 29][INFO]: 执行sql：SELECT nums FROM trade_shoppingcart WHERE user_id = '231189' and goods_id = '6'
[2023-12-22 18:21:59,047][mysql_util.py 33][INFO]: sql执行结果：{'nums': 14}
[2023-12-22 18:21:59,053][rest_client.py 46][INFO]: 接口请求的地址为>>>http://admin.5istudy.online/shopcarts/
[2023-12-22 18:21:59,053][rest_client.py 47][INFO]: 接口请求的方法>>>POST
[2023-12-22 18:21:59,053][rest_client.py 51][INFO]: 接口请求的json参数>>>
{
  "goods": 6,
  "nums": 1
}
[2023-12-22 18:21:59,053][rest_client.py 55][INFO]: 接口请求的headers参数>>>
{
  "Authorization": "JWT eyJ0eXAiOiJKV1QiLCJhbGciOiJIUzI1NiJ9.eyJ1c2VyX2lkIjoyMzExODksInVzZXJuYW1lIjoiMTczMjUyMjA2NjQiLCJleHAiOjE3MDM4NDUzMTcsImVtYWlsIjpudWxsfQ.Kd9NyF6gff66B5yFfXv4XXjnBh4CTtQRss6eF8zuHR8"
}
[2023-12-22 18:21:59,133][response_util.py 14][INFO]: 接口返回的内容是>>>: {"nums": 15, "goods": 6}
[2023-12-22 18:21:59,133][mysql_util.py 29][INFO]: 执行sql：SELECT * FROM users_userprofile WHERE mobile = '17325220664'
[2023-12-22 18:21:59,177][mysql_util.py 33][INFO]: sql执行结果：{'id': 231189, 'password': 'pbkdf2_sha256$100000$Y1Qit0kZWDPV$dynHh0QEoH8srIiTp6729cVKHlfYJWBr3fAHgpDstog=', 'last_login': None, 'is_superuser': 0, 'username': '17325220664', 'first_name': '', 'last_name': '', 'is_staff': 0, 'is_active': 1, 'date_joined': datetime.datetime(2023, 12, 21, 14, 11, 49, 284660), 'name': None, 'birthday': None, 'mobile': '17325220664', 'gender': 'female', 'email': None}
[2023-12-22 18:21:59,178][mysql_util.py 29][INFO]: 执行sql：SELECT nums FROM trade_shoppingcart WHERE user_id = '231189' and goods_id = '6'
[2023-12-22 18:21:59,210][mysql_util.py 33][INFO]: sql执行结果：{'nums': 15}
[2023-12-22 18:21:59,215][rest_client.py 46][INFO]: 接口请求的地址为>>>http://admin.5istudy.online/shopcarts/
[2023-12-22 18:21:59,215][rest_client.py 47][INFO]: 接口请求的方法>>>POST
[2023-12-22 18:21:59,215][rest_client.py 51][INFO]: 接口请求的json参数>>>
{
  "goods": 6,
  "nums": 1
}
[2023-12-22 18:21:59,215][rest_client.py 55][INFO]: 接口请求的headers参数>>>
{
  "Authorization": "JWT eyJ0eXAiOiJKV1QiLCJhbGciOiJIUzI1NiJ9.eyJ1c2VyX2lkIjoyMzExODksInVzZXJuYW1lIjoiMTczMjUyMjA2NjQiLCJleHAiOjE3MDM4NDUzMTcsImVtYWlsIjpudWxsfQ.Kd9NyF6gff66B5yFfXv4XXjnBh4CTtQRss6eF8zuHR8"
}
[2023-12-22 18:21:59,293][response_util.py 14][INFO]: 接口返回的内容是>>>: {"nums": 16, "goods": 6}
[2023-12-22 18:21:59,293][mysql_util.py 29][INFO]: 执行sql：SELECT * FROM users_userprofile WHERE mobile = '17325220664'
[2023-12-22 18:21:59,337][mysql_util.py 33][INFO]: sql执行结果：{'id': 231189, 'password': 'pbkdf2_sha256$100000$Y1Qit0kZWDPV$dynHh0QEoH8srIiTp6729cVKHlfYJWBr3fAHgpDstog=', 'last_login': None, 'is_superuser': 0, 'username': '17325220664', 'first_name': '', 'last_name': '', 'is_staff': 0, 'is_active': 1, 'date_joined': datetime.datetime(2023, 12, 21, 14, 11, 49, 284660), 'name': None, 'birthday': None, 'mobile': '17325220664', 'gender': 'female', 'email': None}
[2023-12-22 18:21:59,337][mysql_util.py 29][INFO]: 执行sql：SELECT nums FROM trade_shoppingcart WHERE user_id = '231189' and goods_id = '6'
[2023-12-22 18:21:59,369][mysql_util.py 33][INFO]: sql执行结果：{'nums': 16}
[2023-12-22 18:24:02,810][rest_client.py 46][INFO]: 接口请求的地址为>>>http://admin.5istudy.online/login/
[2023-12-22 18:24:02,811][rest_client.py 47][INFO]: 接口请求的方法>>>POST
[2023-12-22 18:24:02,811][rest_client.py 51][INFO]: 接口请求的json参数>>>
{
  "username": 17325220664,
  "password": 123123
}
[2023-12-22 18:24:03,148][response_util.py 14][INFO]: 接口返回的内容是>>>: {"token": "eyJ0eXAiOiJKV1QiLCJhbGciOiJIUzI1NiJ9.eyJ1c2VyX2lkIjoyMzExODksInVzZXJuYW1lIjoiMTczMjUyMjA2NjQiLCJleHAiOjE3MDM4NDU0NDIsImVtYWlsIjpudWxsfQ.bTcrMnHtllK89scRbwNW3cJ0oI7cTdpQiXR_EV7NvTo"}
[2023-12-22 18:24:03,151][rest_client.py 46][INFO]: 接口请求的地址为>>>http://admin.5istudy.online/shopcarts/
[2023-12-22 18:24:03,151][rest_client.py 47][INFO]: 接口请求的方法>>>POST
[2023-12-22 18:24:03,151][rest_client.py 51][INFO]: 接口请求的json参数>>>
{
  "goods": 6,
  "nums": 1
}
[2023-12-22 18:24:03,151][rest_client.py 55][INFO]: 接口请求的headers参数>>>
{
  "Authorization": "JWT eyJ0eXAiOiJKV1QiLCJhbGciOiJIUzI1NiJ9.eyJ1c2VyX2lkIjoyMzExODksInVzZXJuYW1lIjoiMTczMjUyMjA2NjQiLCJleHAiOjE3MDM4NDU0NDIsImVtYWlsIjpudWxsfQ.bTcrMnHtllK89scRbwNW3cJ0oI7cTdpQiXR_EV7NvTo"
}
[2023-12-22 18:24:03,227][response_util.py 14][INFO]: 接口返回的内容是>>>: {"nums": 17, "goods": 6}
[2023-12-22 18:24:03,227][mysql_util.py 29][INFO]: 执行sql：SELECT * FROM users_userprofile WHERE mobile = '17325220664'
[2023-12-22 18:24:03,352][mysql_util.py 33][INFO]: sql执行结果：{'id': 231189, 'password': 'pbkdf2_sha256$100000$Y1Qit0kZWDPV$dynHh0QEoH8srIiTp6729cVKHlfYJWBr3fAHgpDstog=', 'last_login': None, 'is_superuser': 0, 'username': '17325220664', 'first_name': '', 'last_name': '', 'is_staff': 0, 'is_active': 1, 'date_joined': datetime.datetime(2023, 12, 21, 14, 11, 49, 284660), 'name': None, 'birthday': None, 'mobile': '17325220664', 'gender': 'female', 'email': None}
[2023-12-22 18:24:03,353][mysql_util.py 29][INFO]: 执行sql：SELECT nums FROM trade_shoppingcart WHERE user_id = '231189' and goods_id = '6'
[2023-12-22 18:24:03,381][mysql_util.py 33][INFO]: sql执行结果：{'nums': 17}
[2023-12-22 19:15:57,988][rest_client.py 46][INFO]: 接口请求的地址为>>>http://admin.5istudy.online/login/
[2023-12-22 19:15:57,988][rest_client.py 47][INFO]: 接口请求的方法>>>POST
[2023-12-22 19:15:57,988][rest_client.py 51][INFO]: 接口请求的json参数>>>
{
  "username": 17325220664,
  "password": 123123
}
[2023-12-22 19:15:58,178][response_util.py 14][INFO]: 接口返回的内容是>>>: {"token": "eyJ0eXAiOiJKV1QiLCJhbGciOiJIUzI1NiJ9.eyJ1c2VyX2lkIjoyMzExODksInVzZXJuYW1lIjoiMTczMjUyMjA2NjQiLCJleHAiOjE3MDM4NDg1NTgsImVtYWlsIjpudWxsfQ.YholhncCiIu3sv-8N1tRL_iwX1NGJIW6eaZsBGbjDqI"}
[2023-12-22 19:15:58,186][rest_client.py 46][INFO]: 接口请求的地址为>>>http://admin.5istudy.online/messages/
[2023-12-22 19:15:58,186][rest_client.py 47][INFO]: 接口请求的方法>>>POST
[2023-12-22 19:15:58,186][rest_client.py 49][INFO]: 接口请求的data参数>>>
{
  "subject": "\u6d4b\u8bd5\u7559\u8a00",
  "message": "\u6211\u559c\u6b22\u8fd9\u4e2a\u5e73\u53f0",
  "message_type": 1
}
[2023-12-22 19:15:58,186][rest_client.py 55][INFO]: 接口请求的headers参数>>>
{
  "Authorization": "JWT eyJ0eXAiOiJKV1QiLCJhbGciOiJIUzI1NiJ9.eyJ1c2VyX2lkIjoyMzExODksInVzZXJuYW1lIjoiMTczMjUyMjA2NjQiLCJleHAiOjE3MDM4NDg1NTgsImVtYWlsIjpudWxsfQ.YholhncCiIu3sv-8N1tRL_iwX1NGJIW6eaZsBGbjDqI"
}
[2023-12-22 19:15:58,291][response_util.py 14][INFO]: 接口返回的内容是>>>: {"message_type": 1, "subject": "测试留言", "message": "我喜欢这个平台", "file": "http://admin.5istudy.online/media/message/images/uploadlsy.png", "id": 106666, "add_time": "2023-12-22 19:15:58"}
[2023-12-22 19:19:29,516][rest_client.py 46][INFO]: 接口请求的地址为>>>http://admin.5istudy.online/login/
[2023-12-22 19:19:29,516][rest_client.py 47][INFO]: 接口请求的方法>>>POST
[2023-12-22 19:19:29,516][rest_client.py 51][INFO]: 接口请求的json参数>>>
{
  "username": 17325220664,
  "password": 123123
}
[2023-12-22 19:19:29,662][response_util.py 14][INFO]: 接口返回的内容是>>>: {"token": "eyJ0eXAiOiJKV1QiLCJhbGciOiJIUzI1NiJ9.eyJ1c2VyX2lkIjoyMzExODksInVzZXJuYW1lIjoiMTczMjUyMjA2NjQiLCJleHAiOjE3MDM4NDg3NjksImVtYWlsIjpudWxsfQ.2L_1IkOvFboG4yrMC1WcZy2mD4mgOm-nKe6EJC_YQkU"}
[2023-12-22 19:19:29,670][rest_client.py 46][INFO]: 接口请求的地址为>>>http://admin.5istudy.online/messages/
[2023-12-22 19:19:29,671][rest_client.py 47][INFO]: 接口请求的方法>>>POST
[2023-12-22 19:19:29,671][rest_client.py 49][INFO]: 接口请求的data参数>>>
{
  "subject": "测试留言",
  "message": "我喜欢这个平台",
  "message_type": 1
}
[2023-12-22 19:19:29,671][rest_client.py 55][INFO]: 接口请求的headers参数>>>
{
  "Authorization": "JWT eyJ0eXAiOiJKV1QiLCJhbGciOiJIUzI1NiJ9.eyJ1c2VyX2lkIjoyMzExODksInVzZXJuYW1lIjoiMTczMjUyMjA2NjQiLCJleHAiOjE3MDM4NDg3NjksImVtYWlsIjpudWxsfQ.2L_1IkOvFboG4yrMC1WcZy2mD4mgOm-nKe6EJC_YQkU"
}
[2023-12-22 19:19:29,778][response_util.py 14][INFO]: 接口返回的内容是>>>: {"message_type": 1, "subject": "测试留言", "message": "我喜欢这个平台", "file": "http://admin.5istudy.online/media/message/images/uploadlsy_m7G9DVe.png", "id": 106667, "add_time": "2023-12-22 19:19:29"}
[2023-12-22 19:20:35,524][rest_client.py 46][INFO]: 接口请求的地址为>>>http://admin.5istudy.online/login/
[2023-12-22 19:20:35,525][rest_client.py 47][INFO]: 接口请求的方法>>>POST
[2023-12-22 19:20:35,525][rest_client.py 51][INFO]: 接口请求的json参数>>>
{
  "username": 17325220664,
  "password": 123123
}
[2023-12-22 19:20:35,674][response_util.py 14][INFO]: 接口返回的内容是>>>: {"token": "eyJ0eXAiOiJKV1QiLCJhbGciOiJIUzI1NiJ9.eyJ1c2VyX2lkIjoyMzExODksInVzZXJuYW1lIjoiMTczMjUyMjA2NjQiLCJleHAiOjE3MDM4NDg4MzUsImVtYWlsIjpudWxsfQ.k5bsPMEYZ5riYNPMS1pyapP_kVxMLbcmZRHEjIgN5iI"}
[2023-12-22 19:20:35,683][rest_client.py 46][INFO]: 接口请求的地址为>>>http://admin.5istudy.online/messages/
[2023-12-22 19:20:35,683][rest_client.py 47][INFO]: 接口请求的方法>>>POST
[2023-12-22 19:20:35,683][rest_client.py 49][INFO]: 接口请求的data参数>>>
{
  "subject": "测试留言",
  "message": "我喜欢这个平台",
  "message_type": 1
}
[2023-12-22 19:20:35,683][rest_client.py 55][INFO]: 接口请求的headers参数>>>
{
  "Authorization": "JWT eyJ0eXAiOiJKV1QiLCJhbGciOiJIUzI1NiJ9.eyJ1c2VyX2lkIjoyMzExODksInVzZXJuYW1lIjoiMTczMjUyMjA2NjQiLCJleHAiOjE3MDM4NDg4MzUsImVtYWlsIjpudWxsfQ.k5bsPMEYZ5riYNPMS1pyapP_kVxMLbcmZRHEjIgN5iI"
}
[2023-12-22 19:20:35,789][response_util.py 14][INFO]: 接口返回的内容是>>>: {"message_type": 1, "subject": "测试留言", "message": "我喜欢这个平台", "file": "http://admin.5istudy.online/media/message/images/uploadlsy_AuAvB17.png", "id": 106668, "add_time": "2023-12-22 19:20:35"}
